<?xml version="1.0" encoding="UTF-8"?>
<!-- Generated by org.testng.reporters.JUnitReportReporter -->
<testsuite hostname="DESKTOP-LAUHH40" failures="0" tests="1" name="Test01" time="0.009" errors="0" timestamp="2022-06-21T00:58:04 AEST" skipped="0">
  <testcase classname="Test01" name="StreamInteger" time="0.009"/>
  <system-out/>
</testsuite> <!-- Test01 -->
